<?xml version="1.0" encoding="UTF-8"?>
<!-- Generated by org.testng.reporters.JUnitReportReporter -->
<testsuite hostname="LAPTOP-ELT3LUMQ" failures="0" tests="3" name="com.qa.Test.LoginPageTest" time="5.194" errors="0" timestamp="31 Aug 2021 11:37:58 GMT" skipped="0">
  <testcase classname="com.qa.Test.LoginPageTest" name="doScreenTitleTest" time="0.022"/>
  <testcase classname="com.qa.Test.LoginPageTest" name="doIconDisplayTest" time="0.099"/>
  <testcase classname="com.qa.Test.LoginPageTest" name="doLoginTest" time="5.073"/>
</testsuite> <!-- com.qa.Test.LoginPageTest -->
