<?xml version="1.0" encoding="UTF-8"?>
<!-- Generated by org.testng.reporters.JUnitReportReporter -->
<testsuite hostname="LAPTOP-ELT3LUMQ" failures="0" tests="4" name="com.qa.Test.ComponentPageTest" time="4.662" errors="0" timestamp="31 Aug 2021 11:37:58 GMT" skipped="0">
  <testcase classname="com.qa.Test.ComponentPageTest" name="doClickOnComponentEleTest" time="2.410"/>
  <testcase classname="com.qa.Test.ComponentPageTest" name="doScreenTitleCheck" time="0.008"/>
  <testcase classname="com.qa.Test.ComponentPageTest" name="doProductItemsTest" time="0.032"/>
  <testcase classname="com.qa.Test.ComponentPageTest" name="doProductSelectTest" time="2.212"/>
</testsuite> <!-- com.qa.Test.ComponentPageTest -->
