<?xml version="1.0" encoding="UTF-8"?>
<!-- Generated by org.testng.reporters.JUnitReportReporter -->
<testsuite hostname="LAPTOP-ELT3LUMQ" failures="0" tests="5" name="com.qa.Test.ProductInfoPageTest" time="20.727" errors="0" timestamp="31 Aug 2021 06:40:44 GMT" skipped="1">
  <testcase classname="com.qa.Test.ProductInfoPageTest" name="doProductInfoTest" time="4.064"/>
  <testcase classname="com.qa.Test.ProductInfoPageTest" name="doProductPriceTest" time="5.643"/>
  <testcase classname="com.qa.Test.ProductInfoPageTest" name="doProductaddToCartClickTest" time="5.058"/>
  <testcase classname="com.qa.Test.ProductInfoPageTest" name="doHomePageClick" time="5.962"/>
  <testcase classname="com.qa.Test.ProductInfoPageTest" name="doProductSucessMessageTTest">
    <skipped/>
  </testcase> <!-- doProductSucessMessageTTest -->
</testsuite> <!-- com.qa.Test.ProductInfoPageTest -->
