<?xml version="1.0" encoding="UTF-8"?>
<!-- Generated by org.testng.reporters.JUnitReportReporter -->
<testsuite hostname="LAPTOP-ELT3LUMQ" failures="0" tests="4" name="com.qa.Test.DesktopComponentSelectionPageTest" time="5.900" errors="0" timestamp="31 Aug 2021 11:37:58 GMT" skipped="0">
  <testcase classname="com.qa.Test.DesktopComponentSelectionPageTest" name="doDesktopProdSelectionTest" time="2.220"/>
  <testcase classname="com.qa.Test.DesktopComponentSelectionPageTest" name="doCompareBtnClickTest" time="0.067"/>
  <testcase classname="com.qa.Test.DesktopComponentSelectionPageTest" name="doContainerClickTest" time="1.391"/>
  <testcase classname="com.qa.Test.DesktopComponentSelectionPageTest" name="doProductComapreBtnClickTest" time="2.222"/>
</testsuite> <!-- com.qa.Test.DesktopComponentSelectionPageTest -->
