<?xml version="1.0" encoding="UTF-8"?>
<!-- Generated by org.testng.reporters.JUnitReportReporter -->
<testsuite hostname="LAPTOP-ELT3LUMQ" failures="0" tests="2" name="com.qa.Test.HomdPageTest" time="1.880" errors="0" timestamp="31 Aug 2021 11:37:58 GMT" skipped="0">
  <testcase classname="com.qa.Test.HomdPageTest" name="doProductContainerSizeTest" time="0.012"/>
  <testcase classname="com.qa.Test.HomdPageTest" name="desktopProductSelectionTest" time="1.868"/>
</testsuite> <!-- com.qa.Test.HomdPageTest -->
